  GameBoard.cpp
  Generating code
  0 of 998 functions ( 0.0%) were compiled, the rest were copied from previous compilation.
    0 functions were new in current compilation
    0 functions had inline decision re-evaluated but remain unchanged
  Finished generating code
  UbiGame.vcxproj -> C:\Users\LD-Razer\Desktop\roadext\UbiGame_API_Beta\UbiGame\x64\Release\UbiGame.exe
  C:\Users\LD-Razer\Desktop\roadext\UbiGame_API_Beta\UbiGame\UbiGame\Resources\img\bg.png
  C:\Users\LD-Razer\Desktop\roadext\UbiGame_API_Beta\UbiGame\UbiGame\Resources\img\click.png
  C:\Users\LD-Razer\Desktop\roadext\UbiGame_API_Beta\UbiGame\UbiGame\Resources\img\face.png
  C:\Users\LD-Razer\Desktop\roadext\UbiGame_API_Beta\UbiGame\UbiGame\Resources\img\finger.png
  C:\Users\LD-Razer\Desktop\roadext\UbiGame_API_Beta\UbiGame\UbiGame\Resources\img\Flappy.png
  C:\Users\LD-Razer\Desktop\roadext\UbiGame_API_Beta\UbiGame\UbiGame\Resources\img\particles.png
  C:\Users\LD-Razer\Desktop\roadext\UbiGame_API_Beta\UbiGame\UbiGame\Resources\img\phone.png
  C:\Users\LD-Razer\Desktop\roadext\UbiGame_API_Beta\UbiGame\UbiGame\Resources\img\phone2.png
  C:\Users\LD-Razer\Desktop\roadext\UbiGame_API_Beta\UbiGame\UbiGame\Resources\img\player.png
  C:\Users\LD-Razer\Desktop\roadext\UbiGame_API_Beta\UbiGame\UbiGame\Resources\img\ring.png
  C:\Users\LD-Razer\Desktop\roadext\UbiGame_API_Beta\UbiGame\UbiGame\Resources\img\tileset.png
  C:\Users\LD-Razer\Desktop\roadext\UbiGame_API_Beta\UbiGame\UbiGame\Resources\img\trace.png
  C:\Users\LD-Razer\Desktop\roadext\UbiGame_API_Beta\UbiGame\UbiGame\Resources\snd\glassBreak.wav
  C:\Users\LD-Razer\Desktop\roadext\UbiGame_API_Beta\UbiGame\UbiGame\Resources\snd\thunder.wav
  14 File(s) copied
